<?xml version="1.0" encoding="UTF-8"?>
<coverage generated="1551259960432" clover="3.2.0">
  <project timestamp="1551259960433" name="All files">
    <metrics statements="35" coveredstatements="26" conditionals="12" coveredconditionals="6" methods="11" coveredmethods="8" elements="58" coveredelements="40" complexity="0" loc="35" ncloc="35" packages="7" files="7" classes="7">
      <package name="components.App">
        <metrics statements="1" coveredstatements="1" conditionals="0" coveredconditionals="0" methods="1" coveredmethods="1"/>
        <file name="index.js" path="C:\Code\react-boilerplate\src\components\App\index.js">
          <metrics statements="1" coveredstatements="1" conditionals="0" coveredconditionals="0" methods="1" coveredmethods="1"/>
          <line num="9" count="1" type="stmt"/>
        </file>
      </package>
      <package name="components.Pages.1-ExamplePage">
        <metrics statements="10" coveredstatements="2" conditionals="2" coveredconditionals="0" methods="2" coveredmethods="0"/>
        <file name="index.js" path="C:\Code\react-boilerplate\src\components\Pages\1-ExamplePage\index.js">
          <metrics statements="10" coveredstatements="2" conditionals="2" coveredconditionals="0" methods="2" coveredmethods="0"/>
          <line num="7" count="1" type="stmt"/>
          <line num="8" count="0" type="stmt"/>
          <line num="10" count="0" type="stmt"/>
          <line num="23" count="0" type="stmt"/>
          <line num="24" count="0" type="stmt"/>
          <line num="25" count="0" type="cond" truecount="0" falsecount="2"/>
          <line num="26" count="0" type="stmt"/>
          <line num="28" count="0" type="stmt"/>
          <line num="32" count="0" type="stmt"/>
          <line num="54" count="1" type="stmt"/>
        </file>
      </package>
      <package name="components.Provider">
        <metrics statements="6" coveredstatements="5" conditionals="4" coveredconditionals="1" methods="2" coveredmethods="1"/>
        <file name="index.js" path="C:\Code\react-boilerplate\src\components\Provider\index.js">
          <metrics statements="6" coveredstatements="5" conditionals="4" coveredconditionals="1" methods="2" coveredmethods="1"/>
          <line num="5" count="1" type="stmt"/>
          <line num="6" count="1" type="stmt"/>
          <line num="19" count="1" type="stmt"/>
          <line num="20" count="0" type="stmt"/>
          <line num="28" count="1" type="stmt"/>
          <line num="31" count="1" type="stmt"/>
        </file>
      </package>
      <package name="components.ScrollToTop">
        <metrics statements="4" coveredstatements="4" conditionals="2" coveredconditionals="2" methods="2" coveredmethods="2"/>
        <file name="index.js" path="C:\Code\react-boilerplate\src\components\ScrollToTop\index.js">
          <metrics statements="4" coveredstatements="4" conditionals="2" coveredconditionals="2" methods="2" coveredmethods="2"/>
          <line num="7" count="2" type="cond" truecount="2" falsecount="0"/>
          <line num="8" count="1" type="stmt"/>
          <line num="13" count="2" type="stmt"/>
          <line num="17" count="1" type="stmt"/>
        </file>
      </package>
      <package name="helpers.SetupTest">
        <metrics statements="5" coveredstatements="5" conditionals="0" coveredconditionals="0" methods="1" coveredmethods="1"/>
        <file name="index.js" path="C:\Code\react-boilerplate\src\helpers\SetupTest\index.js">
          <metrics statements="5" coveredstatements="5" conditionals="0" coveredconditionals="0" methods="1" coveredmethods="1"/>
          <line num="5" count="1" type="stmt"/>
          <line num="7" count="1" type="stmt"/>
          <line num="8" count="1" type="stmt"/>
          <line num="10" count="1" type="stmt"/>
          <line num="11" count="1" type="stmt"/>
        </file>
      </package>
      <package name="helpers.breadcrumbHelper">
        <metrics statements="6" coveredstatements="6" conditionals="4" coveredconditionals="3" methods="1" coveredmethods="1"/>
        <file name="index.js" path="C:\Code\react-boilerplate\src\helpers\breadcrumbHelper\index.js">
          <metrics statements="6" coveredstatements="6" conditionals="4" coveredconditionals="3" methods="1" coveredmethods="1"/>
          <line num="1" count="1" type="stmt"/>
          <line num="2" count="2" type="stmt"/>
          <line num="3" count="2" type="cond" truecount="1" falsecount="1"/>
          <line num="5" count="2" type="cond" truecount="2" falsecount="0"/>
          <line num="6" count="1" type="stmt"/>
          <line num="9" count="1" type="stmt"/>
        </file>
      </package>
      <package name="helpers.pagehelper">
        <metrics statements="3" coveredstatements="3" conditionals="0" coveredconditionals="0" methods="2" coveredmethods="2"/>
        <file name="index.js" path="C:\Code\react-boilerplate\src\helpers\pagehelper\index.js">
          <metrics statements="3" coveredstatements="3" conditionals="0" coveredconditionals="0" methods="2" coveredmethods="2"/>
          <line num="3" count="2" type="stmt"/>
          <line num="4" count="4" type="stmt"/>
          <line num="6" count="2" type="stmt"/>
        </file>
      </package>
    </metrics>
  </project>
</coverage>
