{"C:\\Code\\react-boilerplate\\src\\components\\App\\index.js": {"path":"C:\\Code\\react-boilerplate\\src\\components\\App\\index.js","statementMap":{"0":{"start":{"line":9,"column":8},"end":{"line":14,"column":9}}},"fnMap":{"0":{"name":"(anonymous_0)","decl":{"start":{"line":8,"column":4},"end":{"line":8,"column":5}},"loc":{"start":{"line":8,"column":13},"end":{"line":15,"column":5}},"line":8}},"branchMap":{},"s":{"0":1},"f":{"0":1},"b":{},"_coverageSchema":"332fd63041d2c1bcb487cc26dd0d5f7d97098a6c","hash":"8af47a79bf36b85f244bf8029255786951662b24"}
,"C:\\Code\\react-boilerplate\\src\\components\\Pages\\1-ExamplePage\\index.js": {"path":"C:\\Code\\react-boilerplate\\src\\components\\Pages\\1-ExamplePage\\index.js","statementMap":{"0":{"start":{"line":7,"column":27},"end":{"line":52,"column":1}},"1":{"start":{"line":8,"column":31},"end":{"line":8,"column":50}},"2":{"start":{"line":10,"column":17},"end":{"line":21,"column":3}},"3":{"start":{"line":23,"column":18},"end":{"line":30,"column":2}},"4":{"start":{"line":24,"column":2},"end":{"line":24,"column":24}},"5":{"start":{"line":25,"column":2},"end":{"line":29,"column":3}},"6":{"start":{"line":26,"column":3},"end":{"line":26,"column":32}},"7":{"start":{"line":28,"column":3},"end":{"line":28,"column":32}},"8":{"start":{"line":32,"column":1},"end":{"line":51,"column":2}},"9":{"start":{"line":54,"column":0},"end":{"line":57,"column":1}}},"fnMap":{"0":{"name":"(anonymous_0)","decl":{"start":{"line":7,"column":27},"end":{"line":7,"column":28}},"loc":{"start":{"line":7,"column":44},"end":{"line":52,"column":1}},"line":7},"1":{"name":"(anonymous_1)","decl":{"start":{"line":23,"column":18},"end":{"line":23,"column":19}},"loc":{"start":{"line":23,"column":29},"end":{"line":30,"column":2}},"line":23}},"branchMap":{"0":{"loc":{"start":{"line":25,"column":2},"end":{"line":29,"column":3}},"type":"if","locations":[{"start":{"line":25,"column":2},"end":{"line":29,"column":3}},{"start":{"line":25,"column":2},"end":{"line":29,"column":3}}],"line":25}},"s":{"0":1,"1":0,"2":0,"3":0,"4":0,"5":0,"6":0,"7":0,"8":0,"9":1},"f":{"0":0,"1":0},"b":{"0":[0,0]},"_coverageSchema":"332fd63041d2c1bcb487cc26dd0d5f7d97098a6c","hash":"f67d141905b90e53395f693c3a2ff314f35233cc"}
,"C:\\Code\\react-boilerplate\\src\\components\\Provider\\index.js": {"path":"C:\\Code\\react-boilerplate\\src\\components\\Provider\\index.js","statementMap":{"0":{"start":{"line":5,"column":17},"end":{"line":29,"column":1}},"1":{"start":{"line":6,"column":29},"end":{"line":17,"column":3}},"2":{"start":{"line":19,"column":18},"end":{"line":26,"column":2}},"3":{"start":{"line":20,"column":2},"end":{"line":25,"column":6}},"4":{"start":{"line":28,"column":1},"end":{"line":28,"column":73}},"5":{"start":{"line":31,"column":0},"end":{"line":33,"column":1}}},"fnMap":{"0":{"name":"(anonymous_0)","decl":{"start":{"line":5,"column":17},"end":{"line":5,"column":18}},"loc":{"start":{"line":5,"column":35},"end":{"line":29,"column":1}},"line":5},"1":{"name":"(anonymous_1)","decl":{"start":{"line":19,"column":18},"end":{"line":19,"column":19}},"loc":{"start":{"line":19,"column":38},"end":{"line":26,"column":2}},"line":19}},"branchMap":{"0":{"loc":{"start":{"line":15,"column":20},"end":{"line":15,"column":161}},"type":"cond-expr","locations":[{"start":{"line":15,"column":74},"end":{"line":15,"column":153}},{"start":{"line":15,"column":156},"end":{"line":15,"column":161}}],"line":15},"1":{"loc":{"start":{"line":15,"column":74},"end":{"line":15,"column":153}},"type":"cond-expr","locations":[{"start":{"line":15,"column":141},"end":{"line":15,"column":145}},{"start":{"line":15,"column":148},"end":{"line":15,"column":153}}],"line":15}},"s":{"0":1,"1":1,"2":1,"3":0,"4":1,"5":1},"f":{"0":1,"1":0},"b":{"0":[0,1],"1":[0,0]},"_coverageSchema":"332fd63041d2c1bcb487cc26dd0d5f7d97098a6c","hash":"720efe46aea25bb7bf5241261c14433693bdf764"}
,"C:\\Code\\react-boilerplate\\src\\components\\ScrollToTop\\index.js": {"path":"C:\\Code\\react-boilerplate\\src\\components\\ScrollToTop\\index.js","statementMap":{"0":{"start":{"line":7,"column":2},"end":{"line":9,"column":3}},"1":{"start":{"line":8,"column":3},"end":{"line":8,"column":24}},"2":{"start":{"line":13,"column":2},"end":{"line":13,"column":28}},"3":{"start":{"line":17,"column":0},"end":{"line":20,"column":1}}},"fnMap":{"0":{"name":"(anonymous_0)","decl":{"start":{"line":6,"column":1},"end":{"line":6,"column":2}},"loc":{"start":{"line":6,"column":31},"end":{"line":10,"column":2}},"line":6},"1":{"name":"(anonymous_1)","decl":{"start":{"line":12,"column":1},"end":{"line":12,"column":2}},"loc":{"start":{"line":12,"column":10},"end":{"line":14,"column":2}},"line":12}},"branchMap":{"0":{"loc":{"start":{"line":7,"column":2},"end":{"line":9,"column":3}},"type":"if","locations":[{"start":{"line":7,"column":2},"end":{"line":9,"column":3}},{"start":{"line":7,"column":2},"end":{"line":9,"column":3}}],"line":7}},"s":{"0":2,"1":1,"2":2,"3":1},"f":{"0":2,"1":2},"b":{"0":[1,1]},"_coverageSchema":"332fd63041d2c1bcb487cc26dd0d5f7d97098a6c","hash":"f6299fd81ca66a54a16f58f018ac4bee66f97057"}
,"C:\\Code\\react-boilerplate\\src\\helpers\\SetupTest\\index.js": {"path":"C:\\Code\\react-boilerplate\\src\\helpers\\SetupTest\\index.js","statementMap":{"0":{"start":{"line":5,"column":0},"end":{"line":5,"column":44}},"1":{"start":{"line":7,"column":23},"end":{"line":7,"column":32}},"2":{"start":{"line":8,"column":0},"end":{"line":8,"column":33}},"3":{"start":{"line":10,"column":0},"end":{"line":12,"column":2}},"4":{"start":{"line":11,"column":4},"end":{"line":11,"column":30}}},"fnMap":{"0":{"name":"(anonymous_0)","decl":{"start":{"line":10,"column":11},"end":{"line":10,"column":12}},"loc":{"start":{"line":10,"column":17},"end":{"line":12,"column":1}},"line":10}},"branchMap":{},"s":{"0":1,"1":1,"2":1,"3":1,"4":1},"f":{"0":1},"b":{},"_coverageSchema":"332fd63041d2c1bcb487cc26dd0d5f7d97098a6c","hash":"e2a25b62bf90eb4b35ce60c1b632a9a58f6d7374"}
,"C:\\Code\\react-boilerplate\\src\\helpers\\breadcrumbHelper\\index.js": {"path":"C:\\Code\\react-boilerplate\\src\\helpers\\breadcrumbHelper\\index.js","statementMap":{"0":{"start":{"line":1,"column":24},"end":{"line":12,"column":1}},"1":{"start":{"line":2,"column":21},"end":{"line":2,"column":58}},"2":{"start":{"line":3,"column":4},"end":{"line":11,"column":5}},"3":{"start":{"line":5,"column":8},"end":{"line":10,"column":9}},"4":{"start":{"line":6,"column":12},"end":{"line":6,"column":49}},"5":{"start":{"line":9,"column":12},"end":{"line":9,"column":46}}},"fnMap":{"0":{"name":"(anonymous_0)","decl":{"start":{"line":1,"column":24},"end":{"line":1,"column":25}},"loc":{"start":{"line":1,"column":33},"end":{"line":12,"column":1}},"line":1}},"branchMap":{"0":{"loc":{"start":{"line":3,"column":4},"end":{"line":11,"column":5}},"type":"if","locations":[{"start":{"line":3,"column":4},"end":{"line":11,"column":5}},{"start":{"line":3,"column":4},"end":{"line":11,"column":5}}],"line":3},"1":{"loc":{"start":{"line":5,"column":8},"end":{"line":10,"column":9}},"type":"if","locations":[{"start":{"line":5,"column":8},"end":{"line":10,"column":9}},{"start":{"line":5,"column":8},"end":{"line":10,"column":9}}],"line":5}},"s":{"0":1,"1":2,"2":2,"3":2,"4":1,"5":1},"f":{"0":2},"b":{"0":[2,0],"1":[1,1]},"_coverageSchema":"332fd63041d2c1bcb487cc26dd0d5f7d97098a6c","hash":"26156f7664dcefcc4d1d495ca3d33f0090ed2e0e"}
,"C:\\Code\\react-boilerplate\\src\\helpers\\pagehelper\\index.js": {"path":"C:\\Code\\react-boilerplate\\src\\helpers\\pagehelper\\index.js","statementMap":{"0":{"start":{"line":3,"column":28},"end":{"line":7,"column":1}},"1":{"start":{"line":4,"column":15},"end":{"line":4,"column":70}},"2":{"start":{"line":4,"column":40},"end":{"line":4,"column":66}},"3":{"start":{"line":6,"column":4},"end":{"line":6,"column":21}}},"fnMap":{"0":{"name":"(anonymous_0)","decl":{"start":{"line":3,"column":28},"end":{"line":3,"column":29}},"loc":{"start":{"line":3,"column":44},"end":{"line":7,"column":1}},"line":3},"1":{"name":"(anonymous_1)","decl":{"start":{"line":4,"column":32},"end":{"line":4,"column":33}},"loc":{"start":{"line":4,"column":40},"end":{"line":4,"column":66}},"line":4}},"branchMap":{},"s":{"0":2,"1":2,"2":4,"3":2},"f":{"0":2,"1":4},"b":{},"_coverageSchema":"332fd63041d2c1bcb487cc26dd0d5f7d97098a6c","hash":"c985ae337435ce0928a6d430d87961cc35b2a588"}
}
